{
  "stats": {
    "suites": 1,
    "tests": 1,
    "passes": 1,
    "pending": 0,
    "failures": 0,
    "start": "2024-07-19T00:38:10.172Z",
    "end": "2024-07-19T00:38:20.080Z",
    "duration": 9908,
    "testsRegistered": 1,
    "passPercent": 100,
    "pendingPercent": 0,
    "other": 0,
    "hasOther": false,
    "skipped": 0,
    "hasSkipped": false
  },
  "results": [
    {
      "uuid": "f3d84742-ef6c-4424-bb11-cc7ac49481ac",
      "title": "",
      "fullFile": "cypress/integration/about_us_spec.js",
      "file": "cypress/integration/about_us_spec.js",
      "beforeHooks": [],
      "afterHooks": [],
      "tests": [],
      "suites": [
        {
          "uuid": "b27f13e4-2882-417a-a1dd-adeec114d5f1",
          "title": "About Us Page",
          "fullFile": "",
          "file": "",
          "beforeHooks": [],
          "afterHooks": [],
          "tests": [
            {
              "title": "should have the correct page title",
              "fullTitle": "About Us Page should have the correct page title",
              "timedOut": null,
              "duration": 8684,
              "state": "passed",
              "speed": "medium",
              "pass": true,
              "fail": false,
              "pending": false,
              "context": null,
              "code": "cy.visit('/about-us');\ncy.title().should('eq', 'About Cypress | Cypress.io Testing Tools (Component Tests & More)');",
              "err": {},
              "uuid": "2de4d0ac-3025-46d7-935c-03623b173e32",
              "parentUUID": "b27f13e4-2882-417a-a1dd-adeec114d5f1",
              "isHook": false,
              "skipped": false
            }
          ],
          "suites": [],
          "passes": [
            "2de4d0ac-3025-46d7-935c-03623b173e32"
          ],
          "failures": [],
          "pending": [],
          "skipped": [],
          "duration": 8684,
          "root": false,
          "rootEmpty": false,
          "_timeout": 2000
        }
      ],
      "passes": [],
      "failures": [],
      "pending": [],
      "skipped": [],
      "duration": 0,
      "root": true,
      "rootEmpty": true,
      "_timeout": 2000
    }
  ],
  "meta": {
    "mocha": {
      "version": "7.0.1"
    },
    "mochawesome": {
      "options": {
        "quiet": false,
        "reportFilename": "mochawesome",
        "saveHtml": false,
        "saveJson": true,
        "consoleReporter": "spec",
        "useInlineDiffs": false,
        "code": true
      },
      "version": "7.1.3"
    },
    "marge": {
      "options": {
        "reportDir": "cypress/reports",
        "overwrite": false,
        "html": false,
        "json": true
      },
      "version": "6.2.0"
    }
  }
}