{
  "stats": {
    "suites": 1,
    "tests": 1,
    "passes": 1,
    "pending": 0,
    "failures": 0,
    "start": "2024-07-19T00:38:37.603Z",
    "end": "2024-07-19T00:38:45.386Z",
    "duration": 7783,
    "testsRegistered": 1,
    "passPercent": 100,
    "pendingPercent": 0,
    "other": 0,
    "hasOther": false,
    "skipped": 0,
    "hasSkipped": false
  },
  "results": [
    {
      "uuid": "745eefab-8466-4cf5-bed8-da238bc7ff66",
      "title": "",
      "fullFile": "cypress/integration/pricing_spec.js",
      "file": "cypress/integration/pricing_spec.js",
      "beforeHooks": [],
      "afterHooks": [],
      "tests": [],
      "suites": [
        {
          "uuid": "7289fa13-24cd-450c-b8c1-a5120ff40a15",
          "title": "Pricing Page",
          "fullFile": "",
          "file": "",
          "beforeHooks": [],
          "afterHooks": [],
          "tests": [
            {
              "title": "should have the correct page title",
              "fullTitle": "Pricing Page should have the correct page title",
              "timedOut": null,
              "duration": 5690,
              "state": "passed",
              "speed": "medium",
              "pass": true,
              "fail": false,
              "pending": false,
              "context": null,
              "code": "cy.title().should('eq', 'Scale Open-Source Testing with Cypress Cloud | Cypress Cloud Pricing');",
              "err": {},
              "uuid": "ecb370db-8912-4801-9c0c-d919ddddb11a",
              "parentUUID": "7289fa13-24cd-450c-b8c1-a5120ff40a15",
              "isHook": false,
              "skipped": false
            }
          ],
          "suites": [],
          "passes": [
            "ecb370db-8912-4801-9c0c-d919ddddb11a"
          ],
          "failures": [],
          "pending": [],
          "skipped": [],
          "duration": 5690,
          "root": false,
          "rootEmpty": false,
          "_timeout": 2000
        }
      ],
      "passes": [],
      "failures": [],
      "pending": [],
      "skipped": [],
      "duration": 0,
      "root": true,
      "rootEmpty": true,
      "_timeout": 2000
    }
  ],
  "meta": {
    "mocha": {
      "version": "7.0.1"
    },
    "mochawesome": {
      "options": {
        "quiet": false,
        "reportFilename": "mochawesome",
        "saveHtml": false,
        "saveJson": true,
        "consoleReporter": "spec",
        "useInlineDiffs": false,
        "code": true
      },
      "version": "7.1.3"
    },
    "marge": {
      "options": {
        "reportDir": "cypress/reports",
        "overwrite": false,
        "html": false,
        "json": true
      },
      "version": "6.2.0"
    }
  }
}